<?xml version="1.0" encoding="UTF-8"?>
<testsuite xmlns:xsi="http://www.w3.org/2001/XMLSchema-instance" xsi:noNamespaceSchemaLocation="https://maven.apache.org/surefire/maven-surefire-plugin/xsd/surefire-test-report.xsd" version="3.0.2" name="CommentServiceImplTest" time="1.917" tests="5" errors="0" skipped="0" failures="0">
  <properties>
[...]
</properties>
  <testcase name="addCommentShouldThrowExceptionIfCommentIsNull" classname="CommentServiceImplTest" time="1.787">
    <system-err><![CDATA[SLF4J: No SLF4J providers were found.
SLF4J: Defaulting to no-operation (NOP) logger implementation
SLF4J: See https://www.slf4j.org/codes.html#noProviders for further details.
]]></system-err>
  </testcase>
  <testcase name="checkAddComment" classname="CommentServiceImplTest" time="0.057"/>
  <testcase name="checkUpdateComment" classname="CommentServiceImplTest" time="0.012"/>
  <testcase name="updateCommentShouldThrowExceptionIfCommentIsNull" classname="CommentServiceImplTest" time="0.008"/>
  <testcase name="deleteCommentShouldThrowExceptionIfCommentNotExists" classname="CommentServiceImplTest" time="0.006"/>
</testsuite>